<?xml version="1.0" encoding="UTF-8"?>
<testng-results ignored="0" total="3" passed="2" failed="1" skipped="0">
  <reporter-output>
  </reporter-output>
  <suite started-at="2026-09-22T12:08:38 BRT" name="Surefire suite" finished-at="2026-09-22T12:08:49 BRT" duration-ms="11199">
    <groups>
    </groups>
    <test started-at="2026-09-22T12:08:38 BRT" name="Surefire test" finished-at="2026-09-22T12:08:49 BRT" duration-ms="11199">
      <class name="com.test.automation.tests.LoginTest">
        <test-method is-config="true" signature="setupReport()[pri:0, instance:com.test.automation.tests.LoginTest@6436e181]" started-at="2026-09-22T12:08:38 BRT" name="setupReport" finished-at="2026-09-22T12:08:38 BRT" duration-ms="467" status="PASS">
          <reporter-output>
          </reporter-output>
        </test-method> <!-- setupReport -->
        <test-method is-config="true" signature="setUp()[pri:0, instance:com.test.automation.tests.LoginTest@6436e181]" started-at="2026-09-22T12:08:38 BRT" name="setUp" finished-at="2026-09-22T12:08:41 BRT" duration-ms="3160" status="PASS">
          <reporter-output>
          </reporter-output>
        </test-method> <!-- setUp -->
        <test-method signature="testEmptyLogin()[pri:0, instance:com.test.automation.tests.LoginTest@6436e181]" started-at="2026-09-22T12:08:41 BRT" name="testEmptyLogin" finished-at="2026-09-22T12:08:42 BRT" duration-ms="402" status="PASS">
          <reporter-output>
          </reporter-output>
        </test-method> <!-- testEmptyLogin -->
        <test-method is-config="true" signature="tearDown(org.testng.ITestResult)[pri:0, instance:com.test.automation.tests.LoginTest@6436e181]" started-at="2026-09-22T12:08:42 BRT" name="tearDown" finished-at="2026-09-22T12:08:42 BRT" duration-ms="638" status="PASS">
          <params>
            <param index="0">
              <value>
                <![CDATA[[TestResult name=testEmptyLogin status=SUCCESS method=LoginTest.testEmptyLogin()[pri:0, instance:com.test.automation.tests.LoginTest@6436e181] output={null}]]]>
              </value>
            </param>
          </params>
          <reporter-output>
          </reporter-output>
        </test-method> <!-- tearDown -->
        <test-method is-config="true" signature="setUp()[pri:0, instance:com.test.automation.tests.LoginTest@6436e181]" started-at="2026-09-22T12:08:42 BRT" name="setUp" finished-at="2026-09-22T12:08:45 BRT" duration-ms="2350" status="PASS">
          <reporter-output>
          </reporter-output>
        </test-method> <!-- setUp -->
        <test-method signature="testInvalidLogin()[pri:0, instance:com.test.automation.tests.LoginTest@6436e181]" started-at="2026-09-22T12:08:45 BRT" name="testInvalidLogin" finished-at="2026-09-22T12:08:45 BRT" duration-ms="634" status="FAIL">
          <exception class="org.openqa.selenium.NoSuchElementException">
            <message>
              <![CDATA[no such element: Unable to locate element: {"method":"css selector","selector":"[data-test='error']"}
  (Session info: chrome=153.0.8010.53)
For documentation on this error, please visit: https://www.selenium.dev/documentation/webdriver/troubleshooting/errors#nosuchelementexception
Build info: version: '4.49.0', revision: 'bedb24f bedb24f6f703876e7e4c5d506f0d697eb358c720'
System info: os.name: 'Windows 11', os.arch: 'amd64', os.version: '10.0', java.version: '25.0.4.1'
Driver info: org.openqa.selenium.chrome.ChromeDriver
Command: [489647eacf3de76e8ee6fb2fb8941de5, findElement {using=css selector, value=[data-test='error']}]
Capabilities {acceptInsecureCerts: false, browserName: chrome, browserVersion: 153.0.8010.53, chrome: {chromedriverVersion: 153.0.8010.52 (78e5e45d4bb4..., userDataDir: C:\Users\usuario\AppData\Lo...}, fedcm:accounts: true, goog:chromeOptions: {debuggerAddress: localhost:57346}, goog:processID: 15952, networkConnectionEnabled: false, pageLoadStrategy: normal, platformName: windows, proxy: Proxy(), se:cdp: ws://localhost:57346/devtoo..., se:cdpVersion: 153.0.8010.53, setWindowRect: true, strictFileInteractability: false, timeouts: {implicit: 0, pageLoad: 300000, script: 30000}, unhandledPromptBehavior: dismiss and notify, webauthn:extension:cmtgKey: true, webauthn:extension:credBlob: true, webauthn:extension:largeBlob: true, webauthn:extension:minPinLength: true, webauthn:extension:prf: true, webauthn:virtualAuthenticators: true}
Session ID: 489647eacf3de76e8ee6fb2fb8941de5]]>
            </message>
            <full-stacktrace>
              <![CDATA[org.openqa.selenium.NoSuchElementException: no such element: Unable to locate element: {"method":"css selector","selector":"[data-test='error']"}
  (Session info: chrome=153.0.8010.53)
For documentation on this error, please visit: https://www.selenium.dev/documentation/webdriver/troubleshooting/errors#nosuchelementexception
Build info: version: '4.49.0', revision: 'bedb24f bedb24f6f703876e7e4c5d506f0d697eb358c720'
System info: os.name: 'Windows 11', os.arch: 'amd64', os.version: '10.0', java.version: '25.0.4.1'
Driver info: org.openqa.selenium.chrome.ChromeDriver
Command: [489647eacf3de76e8ee6fb2fb8941de5, findElement {using=css selector, value=[data-test='error']}]
Capabilities {acceptInsecureCerts: false, browserName: chrome, browserVersion: 153.0.8010.53, chrome: {chromedriverVersion: 153.0.8010.52 (78e5e45d4bb4..., userDataDir: C:\Users\usuario\AppData\Lo...}, fedcm:accounts: true, goog:chromeOptions: {debuggerAddress: localhost:57346}, goog:processID: 15952, networkConnectionEnabled: false, pageLoadStrategy: normal, platformName: windows, proxy: Proxy(), se:cdp: ws://localhost:57346/devtoo..., se:cdpVersion: 153.0.8010.53, setWindowRect: true, strictFileInteractability: false, timeouts: {implicit: 0, pageLoad: 300000, script: 30000}, unhandledPromptBehavior: dismiss and notify, webauthn:extension:cmtgKey: true, webauthn:extension:credBlob: true, webauthn:extension:largeBlob: true, webauthn:extension:minPinLength: true, webauthn:extension:prf: true, webauthn:virtualAuthenticators: true}
Session ID: 489647eacf3de76e8ee6fb2fb8941de5
at org.openqa.selenium.remote.ErrorCodec.decode(ErrorCodec.java:169)
at org.openqa.selenium.remote.codec.w3c.W3CHttpResponseCodec.decode(W3CHttpResponseCodec.java:143)
at org.openqa.selenium.remote.codec.w3c.W3CHttpResponseCodec.decode(W3CHttpResponseCodec.java:50)
at org.openqa.selenium.remote.HttpCommandExecutor.execute(HttpCommandExecutor.java:196)
at org.openqa.selenium.remote.service.DriverCommandExecutor.invokeExecute(DriverCommandExecutor.java:217)
at org.openqa.selenium.remote.service.DriverCommandExecutor.execute(DriverCommandExecutor.java:175)
at org.openqa.selenium.remote.RemoteWebDriver.execute(RemoteWebDriver.java:653)
at org.openqa.selenium.remote.ElementLocation$ElementFinder$2.findElement(ElementLocation.java:173)
at org.openqa.selenium.remote.ElementLocation.findElement(ElementLocation.java:60)
at org.openqa.selenium.remote.RemoteWebDriver.findElement(RemoteWebDriver.java:417)
at org.openqa.selenium.remote.RemoteWebDriver.findElement(RemoteWebDriver.java:411)
at com.test.automation.pages.LoginPage.getErrorMessage(LoginPage.java:51)
at com.test.automation.tests.LoginTest.testInvalidLogin(LoginTest.java:42)
at java.base/jdk.internal.reflect.DirectMethodHandleAccessor.invoke(DirectMethodHandleAccessor.java:104)
at java.base/java.lang.reflect.Method.invoke(Method.java:565)
at org.testng.internal.invokers.MethodInvocationHelper.invokeMethod(MethodInvocationHelper.java:141)
at org.testng.internal.invokers.TestInvoker.invokeMethod(TestInvoker.java:697)
at org.testng.internal.invokers.TestInvoker.invokeTestMethod(TestInvoker.java:230)
at org.testng.internal.invokers.MethodRunner.runInSequence(MethodRunner.java:63)
at org.testng.internal.invokers.TestInvoker$MethodInvocationAgent.invoke(TestInvoker.java:1005)
at org.testng.internal.invokers.TestInvoker.invokeTestMethods(TestInvoker.java:203)
at org.testng.internal.invokers.TestMethodWorker.invokeTestMethods(TestMethodWorker.java:154)
at org.testng.internal.invokers.TestMethodWorker.run(TestMethodWorker.java:134)
at java.base/java.util.ArrayList.forEach(ArrayList.java:1604)
at org.testng.TestRunner.privateRun(TestRunner.java:744)
at org.testng.TestRunner.run(TestRunner.java:616)
at org.testng.SuiteRunner.runTest(SuiteRunner.java:421)
at org.testng.SuiteRunner.runSequentially(SuiteRunner.java:413)
at org.testng.SuiteRunner.privateRun(SuiteRunner.java:373)
at org.testng.SuiteRunner.run(SuiteRunner.java:312)
at org.testng.SuiteRunnerWorker.runSuite(SuiteRunnerWorker.java:52)
at org.testng.SuiteRunnerWorker.run(SuiteRunnerWorker.java:95)
at org.testng.TestNG.runSuitesSequentially(TestNG.java:1274)
at org.testng.TestNG.runSuitesLocally(TestNG.java:1208)
at org.testng.TestNG.runSuites(TestNG.java:1112)
at org.testng.TestNG.run(TestNG.java:1079)
at org.apache.maven.surefire.testng.TestNGExecutor.run(TestNGExecutor.java:155)
at org.apache.maven.surefire.testng.TestNGDirectoryTestSuite.executeSingleClass(TestNGDirectoryTestSuite.java:102)
at org.apache.maven.surefire.testng.TestNGDirectoryTestSuite.execute(TestNGDirectoryTestSuite.java:91)
at org.apache.maven.surefire.testng.TestNGProvider.invoke(TestNGProvider.java:137)
at java.base/jdk.internal.reflect.DirectMethodHandleAccessor.invoke(DirectMethodHandleAccessor.java:104)
at java.base/java.lang.reflect.Method.invoke(Method.java:565)
at org.apache.maven.surefire.api.util.ReflectionUtils.invokeMethodWithArray2(ReflectionUtils.java:137)
at org.apache.maven.surefire.booter.ProviderFactory$ProviderProxy.invoke(ProviderFactory.java:148)
at org.apache.maven.surefire.booter.ProviderFactory.invokeProvider(ProviderFactory.java:88)
at org.apache.maven.plugin.surefire.InPluginVMSurefireStarter.runSuitesInProcess(InPluginVMSurefireStarter.java:91)
at org.apache.maven.plugin.surefire.AbstractSurefireMojo.executeProvider(AbstractSurefireMojo.java:1308)
at org.apache.maven.plugin.surefire.AbstractSurefireMojo.executeAfterPreconditionsChecked(AbstractSurefireMojo.java:1135)
at org.apache.maven.plugin.surefire.AbstractSurefireMojo.execute(AbstractSurefireMojo.java:969)
at org.apache.maven.plugin.DefaultBuildPluginManager.executeMojo(DefaultBuildPluginManager.java:126)
at org.apache.maven.lifecycle.internal.MojoExecutor.doExecute2(MojoExecutor.java:328)
at org.apache.maven.lifecycle.internal.MojoExecutor.doExecute(MojoExecutor.java:316)
at org.apache.maven.lifecycle.internal.MojoExecutor.execute(MojoExecutor.java:212)
at org.apache.maven.lifecycle.internal.MojoExecutor.execute(MojoExecutor.java:174)
at org.apache.maven.lifecycle.internal.MojoExecutor.access$000(MojoExecutor.java:75)
at org.apache.maven.lifecycle.internal.MojoExecutor$1.run(MojoExecutor.java:162)
at org.apache.maven.plugin.DefaultMojosExecutionStrategy.execute(DefaultMojosExecutionStrategy.java:39)
at org.apache.maven.lifecycle.internal.MojoExecutor.execute(MojoExecutor.java:159)
at org.apache.maven.lifecycle.internal.LifecycleModuleBuilder.buildProject(LifecycleModuleBuilder.java:105)
at org.apache.maven.lifecycle.internal.LifecycleModuleBuilder.buildProject(LifecycleModuleBuilder.java:73)
at org.apache.maven.lifecycle.internal.builder.singlethreaded.SingleThreadedBuilder.build(SingleThreadedBuilder.java:53)
at org.apache.maven.lifecycle.internal.LifecycleStarter.execute(LifecycleStarter.java:118)
at org.apache.maven.DefaultMaven.doExecute(DefaultMaven.java:261)
at org.apache.maven.DefaultMaven.doExecute(DefaultMaven.java:173)
at org.apache.maven.DefaultMaven.execute(DefaultMaven.java:101)
at org.apache.maven.cli.MavenCli.execute(MavenCli.java:919)
at org.apache.maven.cli.MavenCli.doMain(MavenCli.java:285)
at org.apache.maven.cli.MavenCli.main(MavenCli.java:207)
at java.base/jdk.internal.reflect.DirectMethodHandleAccessor.invoke(DirectMethodHandleAccessor.java:104)
at java.base/java.lang.reflect.Method.invoke(Method.java:565)
at org.codehaus.plexus.classworlds.launcher.Launcher.launchEnhanced(Launcher.java:255)
at org.codehaus.plexus.classworlds.launcher.Launcher.launch(Launcher.java:201)
at org.codehaus.plexus.classworlds.launcher.Launcher.mainWithExitCode(Launcher.java:362)
at org.codehaus.plexus.classworlds.launcher.Launcher.main(Launcher.java:314)
]]>
            </full-stacktrace>
          </exception> <!-- org.openqa.selenium.NoSuchElementException -->
          <reporter-output>
          </reporter-output>
        </test-method> <!-- testInvalidLogin -->
        <test-method is-config="true" signature="tearDown(org.testng.ITestResult)[pri:0, instance:com.test.automation.tests.LoginTest@6436e181]" started-at="2026-09-22T12:08:45 BRT" name="tearDown" finished-at="2026-09-22T12:08:46 BRT" duration-ms="603" status="PASS">
          <params>
            <param index="0">
              <value>
                <![CDATA[[TestResult name=testInvalidLogin status=FAILURE method=LoginTest.testInvalidLogin()[pri:0, instance:com.test.automation.tests.LoginTest@6436e181] output={null}]]]>
              </value>
            </param>
          </params>
          <reporter-output>
          </reporter-output>
        </test-method> <!-- tearDown -->
        <test-method is-config="true" signature="setUp()[pri:0, instance:com.test.automation.tests.LoginTest@6436e181]" started-at="2026-09-22T12:08:46 BRT" name="setUp" finished-at="2026-09-22T12:08:48 BRT" duration-ms="2008" status="PASS">
          <reporter-output>
          </reporter-output>
        </test-method> <!-- setUp -->
        <test-method signature="testValidLogin()[pri:0, instance:com.test.automation.tests.LoginTest@6436e181]" started-at="2026-09-22T12:08:48 BRT" name="testValidLogin" finished-at="2026-09-22T12:08:49 BRT" duration-ms="715" status="PASS">
          <reporter-output>
          </reporter-output>
        </test-method> <!-- testValidLogin -->
        <test-method is-config="true" signature="tearDown(org.testng.ITestResult)[pri:0, instance:com.test.automation.tests.LoginTest@6436e181]" started-at="2026-09-22T12:08:49 BRT" name="tearDown" finished-at="2026-09-22T12:08:49 BRT" duration-ms="615" status="PASS">
          <params>
            <param index="0">
              <value>
                <![CDATA[[TestResult name=testValidLogin status=SUCCESS method=LoginTest.testValidLogin()[pri:0, instance:com.test.automation.tests.LoginTest@6436e181] output={null}]]]>
              </value>
            </param>
          </params>
          <reporter-output>
          </reporter-output>
        </test-method> <!-- tearDown -->
        <test-method is-config="true" signature="tearDownReport()[pri:0, instance:com.test.automation.tests.LoginTest@6436e181]" started-at="2026-09-22T12:08:49 BRT" name="tearDownReport" finished-at="2026-09-22T12:08:50 BRT" duration-ms="273" status="PASS">
          <reporter-output>
          </reporter-output>
        </test-method> <!-- tearDownReport -->
      </class> <!-- com.test.automation.tests.LoginTest -->
    </test> <!-- Surefire test -->
  </suite> <!-- Surefire suite -->
</testng-results>
