<?xml version="1.0" encoding="UTF-8"?>
<testsuite xmlns:xsi="http://www.w3.org/2001/XMLSchema-instance" xsi:noNamespaceSchemaLocation="https://maven.apache.org/surefire/maven-surefire-plugin/xsd/surefire-test-report.xsd" version="3.0.2" name="com.test.automation.tests.LoginTest" time="12.396" tests="3" errors="0" skipped="0" failures="1">
  <properties>
[...]
</properties>
  <testcase name="testEmptyLogin" classname="com.test.automation.tests.LoginTest" time="0.395">
    <system-out><![CDATA[2026-09-22 12:08:38 [main] INFO  com.test.automation.utils.Log - Configurando o Extent Report antes da execução dos testes.
2026-09-22 12:08:38 [main] INFO  com.test.automation.utils.Log - Iniciando Web Driver e configurando o ambiente.
2026-09-22 12:08:41 [main] INFO  com.test.automation.utils.Log - Navegando para a página de login.
2026-09-22 12:08:41 [main] INFO  com.test.automation.utils.Log - Iniciando os testes de login com campos vazios.
2026-09-22 12:08:41 [main] INFO  com.test.automation.utils.Log - Inicializando a página de login com o WebDriver fornecido.
2026-09-22 12:08:41 [main] INFO  com.test.automation.utils.Log - Configurando o WebDriverWait com um tempo de espera de 10 segundos.
2026-09-22 12:08:41 [main] INFO  com.test.automation.utils.Log - Clicando no botão de login.
2026-09-22 12:08:42 [main] INFO  com.test.automation.utils.Log - Teste de login com campos vazios finalizado com sucesso.
]]></system-out>
    <system-err><![CDATA[SLF4J(W): No SLF4J providers were found.
SLF4J(W): Defaulting to no-operation (NOP) logger implementation
SLF4J(W): See https://www.slf4j.org/codes.html#noProviders for further details.
2026-09-22T15:08:38.458677Z main INFO Starting configuration XmlConfiguration[location=D:\dev\selenium-framework\target\classes\log4j2.xml, lastModified=2026-09-22T14:14:49.665Z]...
2026-09-22T15:08:38.460693300Z main INFO Configuration XmlConfiguration[location=D:\dev\selenium-framework\target\classes\log4j2.xml, lastModified=2026-09-22T14:14:49.665Z] started.
2026-09-22T15:08:38.462681800Z main INFO Stopping configuration org.apache.logging.log4j.core.config.DefaultConfiguration@2db15f70...
2026-09-22T15:08:38.463679500Z main INFO Configuration org.apache.logging.log4j.core.config.DefaultConfiguration@2db15f70 stopped.
]]></system-err>
  </testcase>
  <testcase name="testInvalidLogin" classname="com.test.automation.tests.LoginTest" time="0.637">
    <failure message="no such element: Unable to locate element: {&quot;method&quot;:&quot;css selector&quot;,&quot;selector&quot;:&quot;[data-test=&apos;error&apos;]&quot;}&#10;  (Session info: chrome=153.0.8010.53)&#10;For documentation on this error, please visit: https://www.selenium.dev/documentation/webdriver/troubleshooting/errors#nosuchelementexception&#10;Build info: version: &apos;4.49.0&apos;, revision: &apos;bedb24f bedb24f6f703876e7e4c5d506f0d697eb358c720&apos;&#10;System info: os.name: &apos;Windows 11&apos;, os.arch: &apos;amd64&apos;, os.version: &apos;10.0&apos;, java.version: &apos;25.0.4.1&apos;&#10;Driver info: org.openqa.selenium.chrome.ChromeDriver&#10;Command: [489647eacf3de76e8ee6fb2fb8941de5, findElement {using=css selector, value=[data-test=&apos;error&apos;]}]&#10;Capabilities {acceptInsecureCerts: false, browserName: chrome, browserVersion: 153.0.8010.53, chrome: {chromedriverVersion: 153.0.8010.52 (78e5e45d4bb4..., userDataDir: C:\Users\usuario\AppData\Lo...}, fedcm:accounts: true, goog:chromeOptions: {debuggerAddress: localhost:57346}, goog:processID: 15952, networkConnectionEnabled: false, pageLoadStrategy: normal, platformName: windows, proxy: Proxy(), se:cdp: ws://localhost:57346/devtoo..., se:cdpVersion: 153.0.8010.53, setWindowRect: true, strictFileInteractability: false, timeouts: {implicit: 0, pageLoad: 300000, script: 30000}, unhandledPromptBehavior: dismiss and notify, webauthn:extension:cmtgKey: true, webauthn:extension:credBlob: true, webauthn:extension:largeBlob: true, webauthn:extension:minPinLength: true, webauthn:extension:prf: true, webauthn:virtualAuthenticators: true}&#10;Session ID: 489647eacf3de76e8ee6fb2fb8941de5" type="org.openqa.selenium.NoSuchElementException"><![CDATA[org.openqa.selenium.NoSuchElementException: 
no such element: Unable to locate element: {"method":"css selector","selector":"[data-test='error']"}
  (Session info: chrome=153.0.8010.53)
For documentation on this error, please visit: https://www.selenium.dev/documentation/webdriver/troubleshooting/errors#nosuchelementexception
Build info: version: '4.49.0', revision: 'bedb24f bedb24f6f703876e7e4c5d506f0d697eb358c720'
System info: os.name: 'Windows 11', os.arch: 'amd64', os.version: '10.0', java.version: '25.0.4.1'
Driver info: org.openqa.selenium.chrome.ChromeDriver
Command: [489647eacf3de76e8ee6fb2fb8941de5, findElement {using=css selector, value=[data-test='error']}]
Capabilities {acceptInsecureCerts: false, browserName: chrome, browserVersion: 153.0.8010.53, chrome: {chromedriverVersion: 153.0.8010.52 (78e5e45d4bb4..., userDataDir: C:\Users\usuario\AppData\Lo...}, fedcm:accounts: true, goog:chromeOptions: {debuggerAddress: localhost:57346}, goog:processID: 15952, networkConnectionEnabled: false, pageLoadStrategy: normal, platformName: windows, proxy: Proxy(), se:cdp: ws://localhost:57346/devtoo..., se:cdpVersion: 153.0.8010.53, setWindowRect: true, strictFileInteractability: false, timeouts: {implicit: 0, pageLoad: 300000, script: 30000}, unhandledPromptBehavior: dismiss and notify, webauthn:extension:cmtgKey: true, webauthn:extension:credBlob: true, webauthn:extension:largeBlob: true, webauthn:extension:minPinLength: true, webauthn:extension:prf: true, webauthn:virtualAuthenticators: true}
Session ID: 489647eacf3de76e8ee6fb2fb8941de5
	at org.openqa.selenium.remote.ErrorCodec.decode(ErrorCodec.java:169)
	at org.openqa.selenium.remote.codec.w3c.W3CHttpResponseCodec.decode(W3CHttpResponseCodec.java:143)
	at org.openqa.selenium.remote.codec.w3c.W3CHttpResponseCodec.decode(W3CHttpResponseCodec.java:50)
	at org.openqa.selenium.remote.HttpCommandExecutor.execute(HttpCommandExecutor.java:196)
	at org.openqa.selenium.remote.service.DriverCommandExecutor.invokeExecute(DriverCommandExecutor.java:217)
	at org.openqa.selenium.remote.service.DriverCommandExecutor.execute(DriverCommandExecutor.java:175)
	at org.openqa.selenium.remote.RemoteWebDriver.execute(RemoteWebDriver.java:653)
	at org.openqa.selenium.remote.ElementLocation$ElementFinder$2.findElement(ElementLocation.java:173)
	at org.openqa.selenium.remote.ElementLocation.findElement(ElementLocation.java:60)
	at org.openqa.selenium.remote.RemoteWebDriver.findElement(RemoteWebDriver.java:417)
	at org.openqa.selenium.remote.RemoteWebDriver.findElement(RemoteWebDriver.java:411)
	at com.test.automation.pages.LoginPage.getErrorMessage(LoginPage.java:51)
	at com.test.automation.tests.LoginTest.testInvalidLogin(LoginTest.java:42)
	at java.base/jdk.internal.reflect.DirectMethodHandleAccessor.invoke(DirectMethodHandleAccessor.java:104)
	at java.base/java.lang.reflect.Method.invoke(Method.java:565)
	at org.testng.internal.invokers.MethodInvocationHelper.invokeMethod(MethodInvocationHelper.java:141)
	at org.testng.internal.invokers.TestInvoker.invokeMethod(TestInvoker.java:697)
	at org.testng.internal.invokers.TestInvoker.invokeTestMethod(TestInvoker.java:230)
	at org.testng.internal.invokers.MethodRunner.runInSequence(MethodRunner.java:63)
	at org.testng.internal.invokers.TestInvoker$MethodInvocationAgent.invoke(TestInvoker.java:1005)
	at org.testng.internal.invokers.TestInvoker.invokeTestMethods(TestInvoker.java:203)
	at org.testng.internal.invokers.TestMethodWorker.invokeTestMethods(TestMethodWorker.java:154)
	at org.testng.internal.invokers.TestMethodWorker.run(TestMethodWorker.java:134)
	at java.base/java.util.ArrayList.forEach(ArrayList.java:1604)
	at org.testng.TestRunner.privateRun(TestRunner.java:744)
	at org.testng.TestRunner.run(TestRunner.java:616)
	at org.testng.SuiteRunner.runTest(SuiteRunner.java:421)
	at org.testng.SuiteRunner.runSequentially(SuiteRunner.java:413)
	at org.testng.SuiteRunner.privateRun(SuiteRunner.java:373)
	at org.testng.SuiteRunner.run(SuiteRunner.java:312)
	at org.testng.SuiteRunnerWorker.runSuite(SuiteRunnerWorker.java:52)
	at org.testng.SuiteRunnerWorker.run(SuiteRunnerWorker.java:95)
	at org.testng.TestNG.runSuitesSequentially(TestNG.java:1274)
	at org.testng.TestNG.runSuitesLocally(TestNG.java:1208)
	at org.testng.TestNG.runSuites(TestNG.java:1112)
	at org.testng.TestNG.run(TestNG.java:1079)
	at org.apache.maven.surefire.testng.TestNGExecutor.run(TestNGExecutor.java:155)
	at org.apache.maven.surefire.testng.TestNGDirectoryTestSuite.executeSingleClass(TestNGDirectoryTestSuite.java:102)
	at org.apache.maven.surefire.testng.TestNGDirectoryTestSuite.execute(TestNGDirectoryTestSuite.java:91)
	at org.apache.maven.surefire.testng.TestNGProvider.invoke(TestNGProvider.java:137)
	at java.base/jdk.internal.reflect.DirectMethodHandleAccessor.invoke(DirectMethodHandleAccessor.java:104)
	at java.base/java.lang.reflect.Method.invoke(Method.java:565)
	at org.apache.maven.surefire.api.util.ReflectionUtils.invokeMethodWithArray2(ReflectionUtils.java:137)
	at org.apache.maven.surefire.booter.ProviderFactory$ProviderProxy.invoke(ProviderFactory.java:148)
	at org.apache.maven.surefire.booter.ProviderFactory.invokeProvider(ProviderFactory.java:88)
	at org.apache.maven.plugin.surefire.InPluginVMSurefireStarter.runSuitesInProcess(InPluginVMSurefireStarter.java:91)
	at org.apache.maven.plugin.surefire.AbstractSurefireMojo.executeProvider(AbstractSurefireMojo.java:1308)
	at org.apache.maven.plugin.surefire.AbstractSurefireMojo.executeAfterPreconditionsChecked(AbstractSurefireMojo.java:1135)
	at org.apache.maven.plugin.surefire.AbstractSurefireMojo.execute(AbstractSurefireMojo.java:969)
	at org.apache.maven.plugin.DefaultBuildPluginManager.executeMojo(DefaultBuildPluginManager.java:126)
	at org.apache.maven.lifecycle.internal.MojoExecutor.doExecute2(MojoExecutor.java:328)
	at org.apache.maven.lifecycle.internal.MojoExecutor.doExecute(MojoExecutor.java:316)
	at org.apache.maven.lifecycle.internal.MojoExecutor.execute(MojoExecutor.java:212)
	at org.apache.maven.lifecycle.internal.MojoExecutor.execute(MojoExecutor.java:174)
	at org.apache.maven.lifecycle.internal.MojoExecutor.access$000(MojoExecutor.java:75)
	at org.apache.maven.lifecycle.internal.MojoExecutor$1.run(MojoExecutor.java:162)
	at org.apache.maven.plugin.DefaultMojosExecutionStrategy.execute(DefaultMojosExecutionStrategy.java:39)
	at org.apache.maven.lifecycle.internal.MojoExecutor.execute(MojoExecutor.java:159)
	at org.apache.maven.lifecycle.internal.LifecycleModuleBuilder.buildProject(LifecycleModuleBuilder.java:105)
	at org.apache.maven.lifecycle.internal.LifecycleModuleBuilder.buildProject(LifecycleModuleBuilder.java:73)
	at org.apache.maven.lifecycle.internal.builder.singlethreaded.SingleThreadedBuilder.build(SingleThreadedBuilder.java:53)
	at org.apache.maven.lifecycle.internal.LifecycleStarter.execute(LifecycleStarter.java:118)
	at org.apache.maven.DefaultMaven.doExecute(DefaultMaven.java:261)
	at org.apache.maven.DefaultMaven.doExecute(DefaultMaven.java:173)
	at org.apache.maven.DefaultMaven.execute(DefaultMaven.java:101)
	at org.apache.maven.cli.MavenCli.execute(MavenCli.java:919)
	at org.apache.maven.cli.MavenCli.doMain(MavenCli.java:285)
	at org.apache.maven.cli.MavenCli.main(MavenCli.java:207)
	at java.base/jdk.internal.reflect.DirectMethodHandleAccessor.invoke(DirectMethodHandleAccessor.java:104)
	at java.base/java.lang.reflect.Method.invoke(Method.java:565)
	at org.codehaus.plexus.classworlds.launcher.Launcher.launchEnhanced(Launcher.java:255)
	at org.codehaus.plexus.classworlds.launcher.Launcher.launch(Launcher.java:201)
	at org.codehaus.plexus.classworlds.launcher.Launcher.mainWithExitCode(Launcher.java:362)
	at org.codehaus.plexus.classworlds.launcher.Launcher.main(Launcher.java:314)
]]></failure>
    <system-out><![CDATA[2026-09-22 12:08:42 [main] INFO  com.test.automation.utils.Log - Finalizando o teste.
2026-09-22 12:08:42 [main] INFO  com.test.automation.utils.Log - O teste passou: testEmptyLogin
Caminho da captura de tela: D:\dev\selenium-framework/screenshots/SUCCESS/testEmptyLogin_2026-09-22_12-08-42.png
2026-09-22 12:08:42 [main] INFO  com.test.automation.utils.Log - Limpando o ambiente de testes e fechando o navegador.
2026-09-22 12:08:42 [main] INFO  com.test.automation.utils.Log - Iniciando Web Driver e configurando o ambiente.
2026-09-22 12:08:44 [main] INFO  com.test.automation.utils.Log - Navegando para a página de login.
2026-09-22 12:08:45 [main] INFO  com.test.automation.utils.Log - Iniciando os testes de login inválido.
2026-09-22 12:08:45 [main] INFO  com.test.automation.utils.Log - Inicializando a página de login com o WebDriver fornecido.
2026-09-22 12:08:45 [main] INFO  com.test.automation.utils.Log - Configurando o WebDriverWait com um tempo de espera de 10 segundos.
2026-09-22 12:08:45 [main] INFO  com.test.automation.utils.Log - Inserindo nome de usuário no campo de entradaBy.id: user-name.
2026-09-22 12:08:45 [main] INFO  com.test.automation.utils.Log - Limpando o campo de entrada: By.id: user-name
2026-09-22 12:08:45 [main] INFO  com.test.automation.utils.Log - Inserindo senha no campo de entrada: By.id: password.
2026-09-22 12:08:45 [main] INFO  com.test.automation.utils.Log - Limpando o campo de entrada: By.id: password
2026-09-22 12:08:45 [main] INFO  com.test.automation.utils.Log - Clicando no botão de login.
]]></system-out>
  </testcase>
  <testcase name="testValidLogin" classname="com.test.automation.tests.LoginTest" time="0.716">
    <system-out><![CDATA[2026-09-22 12:08:45 [main] INFO  com.test.automation.utils.Log - Finalizando o teste.
2026-09-22 12:08:45 [main] ERROR com.test.automation.utils.Log - O teste falhou: testInvalidLogin
Caminho da captura de tela: D:\dev\selenium-framework/screenshots/FAILURE/testInvalidLogin_2026-09-22_12-08-45.png
2026-09-22 12:08:46 [main] INFO  com.test.automation.utils.Log - Limpando o ambiente de testes e fechando o navegador.
2026-09-22 12:08:46 [main] INFO  com.test.automation.utils.Log - Iniciando Web Driver e configurando o ambiente.
2026-09-22 12:08:47 [main] INFO  com.test.automation.utils.Log - Navegando para a página de login.
2026-09-22 12:08:48 [main] INFO  com.test.automation.utils.Log - Iniciando os testes de login válido.
2026-09-22 12:08:48 [main] INFO  com.test.automation.utils.Log - Inicializando a página de login com o WebDriver fornecido.
2026-09-22 12:08:48 [main] INFO  com.test.automation.utils.Log - Configurando o WebDriverWait com um tempo de espera de 10 segundos.
2026-09-22 12:08:48 [main] INFO  com.test.automation.utils.Log - Inserindo nome de usuário no campo de entradaBy.id: user-name.
2026-09-22 12:08:48 [main] INFO  com.test.automation.utils.Log - Limpando o campo de entrada: By.id: user-name
2026-09-22 12:08:48 [main] INFO  com.test.automation.utils.Log - Inserindo senha no campo de entrada: By.id: password.
2026-09-22 12:08:48 [main] INFO  com.test.automation.utils.Log - Limpando o campo de entrada: By.id: password
2026-09-22 12:08:48 [main] INFO  com.test.automation.utils.Log - Clicando no botão de login.
2026-09-22 12:08:48 [main] INFO  com.test.automation.utils.Log - Aguardando visibilidade do elemento: By.className: title
2026-09-22 12:08:49 [main] INFO  com.test.automation.utils.Log - Aguardando visibilidade do elemento: By.className: title
2026-09-22 12:08:49 [main] INFO  com.test.automation.utils.Log - Aguardando visibilidade do elemento: By.className: title
2026-09-22 12:08:49 [main] INFO  com.test.automation.utils.Log - Teste de login válido finalizado com sucesso.
]]></system-out>
  </testcase>
</testsuite>